MPASM  5.51                      EXEMPLO1.ASM   3-29-2019  21:45:39         PAGE  1


LOC  OBJECT CODE     LINE SOURCE TEXT
  VALUE

                      00001 ;****************************** Programa modelo ******************************
                      00002 ;*******                       Nome do programa                    ***********
                      00003 ;*****************************************************************************
                      00004 
                      00005 ;*********************  Definição do processador *****************************
                      00006 
                      00007         #include p16F877.inc 
                      00001         LIST
                      00002 
                      00003 ;==========================================================================
                      00004 ;  MPASM PIC16F877 processor include
                      00005 ; 
                      00006 ;  (c) Copyright 1999-2013 Microchip Technology, All rights reserved
                      00007 ;==========================================================================
                      00008 
Message[301]: MESSAGE: (Processor-header file mismatch.  Verify selected processor.)
                      00540         LIST
2007   3F72           00008         __config _HS_OSC & _WDT_OFF & _LVP_OFF & _PWRTE_ON 
                      00009 
                      00010 ;************************** Memória de programa ******************************
                      00011  ORG     0 
                      00012 
0000                  00013 RESET 
0000   0000           00014  nop             
0001   2???           00015  goto   START 
                      00016 ;***************************** Interrupção **********************************
                      00017  ORG 4 
                      00018 ;*************************** Inicio do programa ******************************
                      00019 
0004                  00020 START 
                      00021 
0004   1683           00022  bsf     STATUS,RP0  ;vai para o Bank 1
                      00023 ;*************************** Declaração de variáveis ******************************   
Warning[207]: Found label after column 1. (DELAY)
  00000020            00024  DELAY   EQU 0x20
Warning[207]: Found label after column 1. (VEZES)
  00000021            00025  VEZES   EQU 0x21
Warning[207]: Found label after column 1. (ADD)
  00000022            00026  ADD EQU 0x22
Warning[207]: Found label after column 1. (SUB)
  00000023            00027  SUB EQU 0X23
Warning[207]: Found label after column 1. (BS)
  00000024            00028  BS EQU 0X24
Warning[207]: Found label after column 1. (X)
  00000025            00029  X EQU 0X25
Warning[207]: Found label after column 1. (Y)
  00000026            00030  Y EQU 0X26
Warning[207]: Found label after column 1. (I)
  00000027            00031  I EQU 0X27
                      00032 ;*************************** Configurações ******************************
0005   3000           00033  movlw   b'00000000' ; Seta PORTA como saída
Message[302]: Register in operand not in bank 0.  Ensure that bank bits are correct.
0006   0085           00034  movwf   TRISA       
MPASM  5.51                      EXEMPLO1.ASM   3-29-2019  21:45:39         PAGE  2


LOC  OBJECT CODE     LINE SOURCE TEXT
  VALUE

0007   3000           00035  movlw   b'00000000' ; Seta PORTD como saída
Message[302]: Register in operand not in bank 0.  Ensure that bank bits are correct.
0008   0088           00036  movwf   TRISD  
0009   300F           00037  MOVLW   b'00001111'
Message[302]: Register in operand not in bank 0.  Ensure that bank bits are correct.
000A   0086           00038  MOVWF   TRISB     
000B   3000           00039  MOVLW   b'00000000'
Message[302]: Register in operand not in bank 0.  Ensure that bank bits are correct.
000C   0089           00040  MOVWF   TRISE
000D   1283           00041  bcf   STATUS,RP0    ;vai para o Bank 0
                      00042 ;*************************** Programa principal ******************************
                      00043  
Warning[203]: Found opcode in column 1. (MOVLW)
000E   3020           00044 MOVLW 0x20
Warning[203]: Found opcode in column 1. (MOVWF)
000F   0085           00045 MOVWF PORTA
                      00046 
Warning[203]: Found opcode in column 1. (MOVLW)
0010   3000           00047 MOVLW b'00000000'
Warning[203]: Found opcode in column 1. (MOVWF)
0011   0088           00048 MOVWF PORTD
                      00049 
0012   3001           00050  MOVLW b'00000001'
0013   0089           00051  MOVWF PORTE
                      00052           
0014                  00053 INICIO
                      00054 
                      00055         
0014   30EF           00056         MOVLW B'11101111'; RB4 COM 0, RESTO TUDO 1
0015   0086           00057         MOVWF PORTB
0016   1C06           00058         BTFSS PORTB, 0; S1 -> BOTÃO 0
0017   2???           00059         CALL APITA_0
0018   1C86           00060         BTFSS PORTB, 1; S1 -> BOTÃO 0
0019   2???           00061         CALL APITA_1
001A   1D06           00062         BTFSS PORTB, 2; S1 -> BOTÃO 0
001B   2???           00063         CALL APITA_2
001C   1D86           00064         BTFSS PORTB, 3; S1 -> BOTÃO 0
001D   2???           00065         CALL APITA_3
001E   30DF           00066         MOVLW B'11011111'; RB4 COM 0, RESTO TUDO 1
001F   0086           00067         MOVWF PORTB
0020   1C06           00068         BTFSS PORTB, 0; S1 -> BOTÃO 0
0021   2???           00069         CALL APITA_4
0022   1C86           00070         BTFSS PORTB, 1; S1 -> BOTÃO 0
0023   2???           00071         CALL APITA_5
0024   1D06           00072         BTFSS PORTB, 2; S1 -> BOTÃO 0
0025   2???           00073         CALL APITA_6
0026   1D86           00074         BTFSS PORTB, 3; S1 -> BOTÃO 0
0027   2???           00075         CALL APITA_7
0028   30BF           00076         MOVLW B'10111111'; RB4 COM 0, RESTO TUDO 1
0029   0086           00077         MOVWF PORTB
002A   1C06           00078         BTFSS PORTB, 0; S1 -> BOTÃO 0
002B   2???           00079         CALL APITA_8
002C   1C86           00080         BTFSS PORTB, 1; S1 -> BOTÃO 0
MPASM  5.51                      EXEMPLO1.ASM   3-29-2019  21:45:39         PAGE  3


LOC  OBJECT CODE     LINE SOURCE TEXT
  VALUE

002D   2???           00081         CALL APITA_9
002E   30BF           00082         MOVLW B'10111111'; RB4 COM 0, RESTO TUDO 1
002F   0086           00083         MOVWF PORTB
0030   1D06           00084         BTFSS PORTB, 2; S1 -> BOTÃO 0
0031   2???           00085         GOTO SOMA
0032   1D86           00086         BTFSS PORTB, 3; S1 -> BOTÃO 0
0033   2???           00087         CALL SOMA2
                      00088 
0034   2???           00089   goto INICIO   
                      00090         
                      00091 
                      00092 
0035                  00093 APITA_0
0035   303F           00094         MOVLW 0x3F
0036   0088           00095         MOVWF  PORTD
0037   3000           00096         MOVLW D'0' 
0038   00A5           00097         MOVWF X 
0039   3000           00098         movlw b'00000000'
003A   0089           00099         movwf PORTE
003B   2???           00100         call PERDE_TEMPO
003C   2???           00101         call PERDE_TEMPO
003D   2???           00102         CALL PERDE_TEMPO
003E   2???           00103         CALL PERDE_TEMPO
003F   2???           00104         CALL SILENCIO
                      00105 
Warning[203]: Found opcode in column 1. (return)
0040   0008           00106 return
                      00107 
0041                  00108 APITA_1
0041   3006           00109         MOVLW 0x06
0042   0088           00110         MOVWF  PORTD
0043   3001           00111         MOVLW D'1'
0044   00A5           00112         MOVWF X 
0045   3000           00113         movlw b'00000000'
0046   0089           00114         movwf PORTE
0047   2???           00115         call PERDE_TEMPO
0048   2???           00116         call PERDE_TEMPO
0049   2???           00117         CALL PERDE_TEMPO
004A   2???           00118         CALL PERDE_TEMPO
004B   2???           00119         CALL SILENCIO
                      00120         
Warning[203]: Found opcode in column 1. (return)
004C   0008           00121 return
                      00122 
004D                  00123 APITA_2
004D   305B           00124         MOVLW 0x5B
004E   0088           00125         MOVWF  PORTD
004F   3002           00126         MOVLW D'2'
0050   00A5           00127         MOVWF X 
0051   3000           00128         movlw b'00000000'
0052   0089           00129         movwf PORTE
0053   2???           00130         call PERDE_TEMPO
0054   2???           00131         call PERDE_TEMPO
MPASM  5.51                      EXEMPLO1.ASM   3-29-2019  21:45:39         PAGE  4


LOC  OBJECT CODE     LINE SOURCE TEXT
  VALUE

0055   2???           00132         CALL PERDE_TEMPO
0056   2???           00133         CALL PERDE_TEMPO
0057   2???           00134         CALL SILENCIO
                      00135 
Warning[203]: Found opcode in column 1. (return)
0058   0008           00136 return
                      00137 
0059                  00138 APITA_3
0059   304F           00139         MOVLW 0x4F
005A   0088           00140         MOVWF  PORTD
005B   3003           00141         MOVLW D'3' 
005C   00A5           00142         MOVWF X 
005D   3000           00143         movlw b'00000000'
005E   0089           00144         movwf PORTE
005F   2???           00145         call PERDE_TEMPO
0060   2???           00146         call PERDE_TEMPO
0061   2???           00147         CALL PERDE_TEMPO
0062   2???           00148         CALL PERDE_TEMPO
0063   2???           00149         CALL SILENCIO
                      00150 
Warning[203]: Found opcode in column 1. (return)
0064   0008           00151 return
                      00152 
0065                  00153 APITA_4
0065   3066           00154         MOVLW 0x66
0066   0088           00155         MOVWF  PORTD
Message[305]: Using default destination of 1 (file).
0067   0884           00156         MOVF D'4'
0068   00A5           00157         MOVWF X 
0069   3000           00158         movlw b'00000000'
006A   0089           00159         movwf PORTE
006B   2???           00160         call PERDE_TEMPO
006C   2???           00161         call PERDE_TEMPO
006D   2???           00162         CALL PERDE_TEMPO
006E   2???           00163         CALL PERDE_TEMPO
006F   2???           00164         CALL SILENCIO
                      00165 
Warning[203]: Found opcode in column 1. (return)
0070   0008           00166 return
                      00167 
0071                  00168 APITA_5
0071   306D           00169         MOVLW 0x6D
0072   0088           00170         MOVWF  PORTD    
Message[305]: Using default destination of 1 (file).
0073   0885           00171         MOVF D'5' 
0074   00A5           00172         MOVWF X
0075   3000           00173         movlw b'00000000'
0076   0089           00174         movwf PORTE
0077   2???           00175         call PERDE_TEMPO
0078   2???           00176         call PERDE_TEMPO
0079   2???           00177         CALL PERDE_TEMPO
007A   2???           00178         CALL PERDE_TEMPO
007B   2???           00179         CALL SILENCIO
MPASM  5.51                      EXEMPLO1.ASM   3-29-2019  21:45:39         PAGE  5


LOC  OBJECT CODE     LINE SOURCE TEXT
  VALUE

                      00180 
Warning[203]: Found opcode in column 1. (return)
007C   0008           00181 return
                      00182 
007D                  00183 APITA_6
007D   307D           00184         MOVLW 0x7D
007E   0088           00185         MOVWF  PORTD
007F   3006           00186         MOVLW D'6'
0080   00A5           00187         MOVWF X 
0081   3000           00188         movlw b'00000000'
0082   0089           00189         movwf PORTE
0083   2???           00190         call PERDE_TEMPO
0084   2???           00191         call PERDE_TEMPO
0085   2???           00192         CALL PERDE_TEMPO
0086   2???           00193         CALL PERDE_TEMPO
0087   2???           00194         CALL SILENCIO
                      00195 
Warning[203]: Found opcode in column 1. (return)
0088   0008           00196 return
                      00197 
0089                  00198 APITA_7
0089   3007           00199         MOVLW 0x07
008A   0088           00200         MOVWF  PORTD
008B   3007           00201         MOVLW D'7'
008C   00A5           00202         MOVWF X 
008D   3000           00203         movlw b'00000000'
008E   0089           00204         movwf PORTE
008F   2???           00205         call PERDE_TEMPO
0090   2???           00206         call PERDE_TEMPO
0091   2???           00207         CALL PERDE_TEMPO
0092   2???           00208         CALL PERDE_TEMPO
0093   2???           00209         CALL SILENCIO
Warning[203]: Found opcode in column 1. (return)
0094   0008           00210 return
                      00211 
0095                  00212 APITA_8
0095   307F           00213         MOVLW 0x7F
0096   0088           00214         MOVWF  PORTD
0097   3008           00215         MOVLW D'8'
0098   00A5           00216         MOVWF X 
0099   3000           00217         movlw b'00000000'
009A   0089           00218         movwf PORTE
009B   2???           00219         call PERDE_TEMPO
009C   2???           00220         call PERDE_TEMPO
009D   2???           00221         CALL PERDE_TEMPO
009E   2???           00222         CALL PERDE_TEMPO
009F   2???           00223         CALL SILENCIO
Warning[203]: Found opcode in column 1. (return)
00A0   0008           00224 return
                      00225 
00A1                  00226 APITA_9
00A1   3067           00227         MOVLW 0x67
00A2   0088           00228         MOVWF  PORTD
MPASM  5.51                      EXEMPLO1.ASM   3-29-2019  21:45:39         PAGE  6


LOC  OBJECT CODE     LINE SOURCE TEXT
  VALUE

00A3   3009           00229         MOVLW D'9'
00A4   00A5           00230         MOVWF X 
00A5   3000           00231         movlw b'00000000'
00A6   0089           00232         movwf PORTE
00A7   2???           00233         call PERDE_TEMPO
00A8   2???           00234         call PERDE_TEMPO
00A9   2???           00235         CALL PERDE_TEMPO
00AA   2???           00236         CALL PERDE_TEMPO
00AB   2???           00237         CALL SILENCIO
Warning[203]: Found opcode in column 1. (return)
00AC   0008           00238 return
                      00239 
00AD                  00240 VERIFICA
                      00241         ;verificar com o valor 5
                      00242         ;x = COMPARACAO - 5
                      00243         ;x==0 se verdade chama ESCREVE_DISPLAY5
                      00244 
00AD   3000           00245         MOVLW D'0'
00AE   0080           00246         MOVWF W
00AF   0227           00247         SUBWF I,W ;COMPARACAO - W, e o resultado foi colocado no W
00B0   1903           00248         BTFSC STATUS,Z ;é zero? se zero Z==1, não pula a proxima linha por causa do BTFSC
00B1   2???           00249         CALL ESCREVE_DISPLAY0
                      00250 
00B2   3001           00251         MOVLW D'1'
00B3   0080           00252         MOVWF W
00B4   0227           00253         SUBWF I,W
00B5   1903           00254         BTFSC STATUS,Z
00B6   2???           00255         CALL ESCREVE_DISPLAY1
                      00256 
00B7   3002           00257         MOVLW D'2'
00B8   0080           00258         MOVWF W
00B9   0227           00259         SUBWF I,W
00BA   1903           00260         BTFSC STATUS,Z
00BB   2???           00261         CALL ESCREVE_DISPLAY2
                      00262 
00BC   3003           00263         MOVLW D'3'
00BD   0080           00264         MOVWF W
00BE   0227           00265         SUBWF I,W
00BF   1903           00266         BTFSC STATUS,Z
00C0   2???           00267         CALL ESCREVE_DISPLAY3
                      00268 
00C1   3004           00269         MOVLW D'4'
00C2   0080           00270         MOVWF W
00C3   0227           00271         SUBWF I,W
00C4   1903           00272         BTFSC STATUS,Z
00C5   2???           00273         CALL ESCREVE_DISPLAY4
                      00274 
00C6   3005           00275         MOVLW D'5'
00C7   0080           00276         MOVWF W
00C8   0227           00277         SUBWF I,W
00C9   1903           00278         BTFSC STATUS,Z
00CA   2???           00279         CALL ESCREVE_DISPLAY5
                      00280 
MPASM  5.51                      EXEMPLO1.ASM   3-29-2019  21:45:39         PAGE  7


LOC  OBJECT CODE     LINE SOURCE TEXT
  VALUE

00CB   3006           00281         MOVLW D'6'
00CC   0080           00282         MOVWF W
00CD   0227           00283         SUBWF I,W
00CE   1903           00284         BTFSC STATUS,Z
00CF   2???           00285         CALL ESCREVE_DISPLAY6
                      00286 
00D0   3007           00287         MOVLW D'7'
00D1   0080           00288         MOVWF W
00D2   0227           00289         SUBWF I,W
00D3   1903           00290         BTFSC STATUS,Z
00D4   2???           00291         CALL ESCREVE_DISPLAY7
                      00292 
00D5   3008           00293         MOVLW D'8'
00D6   0080           00294         MOVWF W
00D7   0227           00295         SUBWF I,W
00D8   1903           00296         BTFSC STATUS,Z
00D9   2???           00297         CALL ESCREVE_DISPLAY8
                      00298 
00DA   3009           00299         MOVLW D'9'
00DB   0080           00300         MOVWF W
00DC   0227           00301         SUBWF I,W
00DD   1903           00302         BTFSC STATUS,Z
00DE   2???           00303         CALL ESCREVE_DISPLAY9
                      00304 
00DF   300A           00305         MOVLW D'10'
00E0   0080           00306         MOVWF W
00E1   0227           00307         SUBWF I,W
00E2   1903           00308         BTFSC STATUS,Z
00E3   2???           00309         CALL ESCREVE_DISPLAY10
                      00310 
00E4   300B           00311         MOVLW D'11'
00E5   0080           00312         MOVWF W
00E6   0227           00313         SUBWF I,W
00E7   1903           00314         BTFSC STATUS,Z
00E8   2???           00315         CALL ESCREVE_DISPLAY11
                      00316 
00E9   300C           00317         MOVLW D'12'
00EA   0080           00318         MOVWF W
00EB   0227           00319         SUBWF I,W
00EC   1903           00320         BTFSC STATUS,Z
00ED   2???           00321         CALL ESCREVE_DISPLAY12
                      00322 
00EE   300D           00323         MOVLW D'13'
00EF   0080           00324         MOVWF W
00F0   0227           00325         SUBWF I,W
00F1   1903           00326         BTFSC STATUS,Z
00F2   2???           00327         CALL ESCREVE_DISPLAY13
                      00328 
00F3   300E           00329         MOVLW D'14'
00F4   0080           00330         MOVWF W
00F5   0227           00331         SUBWF I,W
00F6   1903           00332         BTFSC STATUS,Z
00F7   2???           00333         CALL ESCREVE_DISPLAY14
MPASM  5.51                      EXEMPLO1.ASM   3-29-2019  21:45:39         PAGE  8


LOC  OBJECT CODE     LINE SOURCE TEXT
  VALUE

                      00334 
00F8   300F           00335         MOVLW D'15'
00F9   0080           00336         MOVWF W
00FA   0227           00337         SUBWF I,W
00FB   1903           00338         BTFSC STATUS,Z
00FC   2???           00339         CALL ESCREVE_DISPLAY15
                      00340 
00FD   3010           00341         MOVLW D'16'
00FE   0080           00342         MOVWF W
00FF   0227           00343         SUBWF I,W
0100   1903           00344         BTFSC STATUS,Z
0101   2???           00345         CALL ESCREVE_DISPLAY16
                      00346 
0102   3011           00347         MOVLW D'17'
0103   0080           00348         MOVWF W
0104   0227           00349         SUBWF I,W
0105   1903           00350         BTFSC STATUS,Z
0106   2???           00351         CALL ESCREVE_DISPLAY17
                      00352 
0107   3012           00353         MOVLW D'18'
0108   0080           00354         MOVWF W
0109   0227           00355         SUBWF I,W
010A   1903           00356         BTFSC STATUS,Z
010B   2???           00357         CALL ESCREVE_DISPLAY18
                      00358 
Warning[203]: Found opcode in column 1. (return)
010C   0008           00359 return
                      00360 
                      00361 
                      00362 
                      00363 
010D                  00364 BOTAO2
                      00365 
010D   30EF           00366         MOVLW B'11101111'; RB4 COM 0, RESTO TUDO 1
010E   0086           00367         MOVWF PORTB
010F   1C06           00368         BTFSS PORTB, 0; S1 -> BOTÃO 0
0110   2???           00369         CALL APITA_00
0111   1C86           00370         BTFSS PORTB, 1; S1 -> BOTÃO 0
0112   2???           00371         CALL APITA_11
0113   1D06           00372         BTFSS PORTB, 2; S1 -> BOTÃO 0
0114   2???           00373         CALL APITA_22
0115   1D86           00374         BTFSS PORTB, 3; S1 -> BOTÃO 0
0116   2???           00375         CALL APITA_33
0117   30DF           00376         MOVLW B'11011111'; RB4 COM 0, RESTO TUDO 1
0118   0086           00377         MOVWF PORTB
0119   1C06           00378         BTFSS PORTB, 0; S1 -> BOTÃO 0
011A   2???           00379         CALL APITA_44
011B   1C86           00380         BTFSS PORTB, 1; S1 -> BOTÃO 0
011C   2???           00381         CALL APITA_55
011D   1D06           00382         BTFSS PORTB, 2; S1 -> BOTÃO 0
011E   2???           00383         CALL APITA_66
011F   1D86           00384         BTFSS PORTB, 3; S1 -> BOTÃO 0
0120   2???           00385         CALL APITA_77
MPASM  5.51                      EXEMPLO1.ASM   3-29-2019  21:45:39         PAGE  9


LOC  OBJECT CODE     LINE SOURCE TEXT
  VALUE

0121   30BF           00386         MOVLW B'10111111'; RB4 COM 0, RESTO TUDO 1
0122   0086           00387         MOVWF PORTB
0123   1C06           00388         BTFSS PORTB, 0; S1 -> BOTÃO 0
0124   2???           00389         CALL APITA_88
0125   1C86           00390         BTFSS PORTB, 1; S1 -> BOTÃO 0
0126   2???           00391         CALL APITA_99
                      00392 
0127   2???           00393         GOTO SOMA2
                      00394 
Warning[203]: Found opcode in column 1. (return)
0128   0008           00395 return
                      00396 
0129                  00397 APITA_00
0129   303F           00398         MOVLW 0x3F
012A   0088           00399         MOVWF  PORTD
012B   3000           00400         MOVLW D'0'
012C   00A6           00401         MOVWF Y 
012D   3000           00402         movlw b'00000000'
012E   0089           00403         movwf PORTE
012F   2???           00404         call PERDE_TEMPO
0130   2???           00405         call PERDE_TEMPO
0131   2???           00406         CALL PERDE_TEMPO
0132   2???           00407         CALL PERDE_TEMPO
0133   2???           00408         CALL SILENCIO
                      00409 
Warning[203]: Found opcode in column 1. (return)
0134   0008           00410 return
                      00411 
0135                  00412 APITA_11
0135   3006           00413         MOVLW 0x06
0136   0088           00414         MOVWF  PORTD
0137   3001           00415         MOVLW D'1'
0138   00A6           00416         MOVWF Y         
0139   3000           00417         movlw b'00000000'
013A   0089           00418         movwf PORTE
013B   2???           00419         call PERDE_TEMPO
013C   2???           00420         call PERDE_TEMPO
013D   2???           00421         CALL PERDE_TEMPO
013E   2???           00422         CALL PERDE_TEMPO
013F   2???           00423         CALL SILENCIO
                      00424         
Warning[203]: Found opcode in column 1. (return)
0140   0008           00425 return
                      00426 
0141                  00427 APITA_22
0141   305B           00428         MOVLW 0x5B
0142   0088           00429         MOVWF  PORTD
0143   3002           00430         MOVLW D'2'
0144   00A6           00431         MOVWF Y         
0145   3000           00432         movlw b'00000000'
0146   0089           00433         movwf PORTE
0147   2???           00434         call PERDE_TEMPO
0148   2???           00435         call PERDE_TEMPO
MPASM  5.51                      EXEMPLO1.ASM   3-29-2019  21:45:39         PAGE 10


LOC  OBJECT CODE     LINE SOURCE TEXT
  VALUE

0149   2???           00436         CALL PERDE_TEMPO
014A   2???           00437         CALL PERDE_TEMPO
014B   2???           00438         CALL SILENCIO
                      00439 
Warning[203]: Found opcode in column 1. (return)
014C   0008           00440 return
                      00441 
014D                  00442 APITA_33
014D   304F           00443         MOVLW 0x4F
014E   0088           00444         MOVWF  PORTD
014F   3003           00445         MOVLW D'3'
0150   00A6           00446         MOVWF Y         
0151   3000           00447         movlw b'00000000'
0152   0089           00448         movwf PORTE
0153   2???           00449         call PERDE_TEMPO
0154   2???           00450         call PERDE_TEMPO
0155   2???           00451         CALL PERDE_TEMPO
0156   2???           00452         CALL PERDE_TEMPO
0157   2???           00453         CALL SILENCIO
                      00454 
Warning[203]: Found opcode in column 1. (return)
0158   0008           00455 return
                      00456 
0159                  00457 APITA_44
0159   3066           00458         MOVLW 0x66
015A   0088           00459         MOVWF  PORTD
015B   3004           00460         MOVLW D'4'
015C   00A6           00461         MOVWF Y         
015D   3000           00462         movlw b'00000000'
015E   0089           00463         movwf PORTE
015F   2???           00464         call PERDE_TEMPO
0160   2???           00465         call PERDE_TEMPO
0161   2???           00466         CALL PERDE_TEMPO
0162   2???           00467         CALL PERDE_TEMPO
0163   2???           00468         CALL SILENCIO
                      00469 
Warning[203]: Found opcode in column 1. (return)
0164   0008           00470 return
                      00471 
0165                  00472 APITA_55
0165   306D           00473         MOVLW 0x6D
0166   0088           00474         MOVWF  PORTD    
0167   3005           00475         MOVLW D'5'
0168   00A6           00476         MOVWF Y 
0169   3000           00477         movlw b'00000000'
016A   0089           00478         movwf PORTE
016B   2???           00479         call PERDE_TEMPO
016C   2???           00480         call PERDE_TEMPO
016D   2???           00481         CALL PERDE_TEMPO
016E   2???           00482         CALL PERDE_TEMPO
016F   2???           00483         CALL SILENCIO
                      00484 
Warning[203]: Found opcode in column 1. (return)
MPASM  5.51                      EXEMPLO1.ASM   3-29-2019  21:45:39         PAGE 11


LOC  OBJECT CODE     LINE SOURCE TEXT
  VALUE

0170   0008           00485 return
                      00486 
0171                  00487 APITA_66
0171   307D           00488         MOVLW 0x7D
0172   0088           00489         MOVWF  PORTD
0173   3006           00490         MOVLW D'6'
0174   00A6           00491         MOVWF Y         
0175   3000           00492         movlw b'00000000'
0176   0089           00493         movwf PORTE
0177   2???           00494         call PERDE_TEMPO
0178   2???           00495         call PERDE_TEMPO
0179   2???           00496         CALL PERDE_TEMPO
017A   2???           00497         CALL PERDE_TEMPO
017B   2???           00498         CALL SILENCIO
                      00499 
Warning[203]: Found opcode in column 1. (return)
017C   0008           00500 return
                      00501 
017D                  00502 APITA_77
017D   3007           00503         MOVLW 0x07
017E   0088           00504         MOVWF  PORTD
017F   3007           00505         MOVLW D'7'
0180   00A6           00506         MOVWF Y         
0181   3000           00507         movlw b'00000000'
0182   0089           00508         movwf PORTE
0183   2???           00509         call PERDE_TEMPO
0184   2???           00510         call PERDE_TEMPO
0185   2???           00511         CALL PERDE_TEMPO
0186   2???           00512         CALL PERDE_TEMPO
0187   2???           00513         CALL SILENCIO
Warning[203]: Found opcode in column 1. (return)
0188   0008           00514 return
                      00515 
0189                  00516 APITA_88
0189   307F           00517         MOVLW 0x7F
018A   0088           00518         MOVWF  PORTD
018B   3008           00519         MOVLW D'8'
018C   00A6           00520         MOVWF Y         
018D   3000           00521         movlw b'00000000'
018E   0089           00522         movwf PORTE
018F   2???           00523         call PERDE_TEMPO
0190   2???           00524         call PERDE_TEMPO
0191   2???           00525         CALL PERDE_TEMPO
0192   2???           00526         CALL PERDE_TEMPO
0193   2???           00527         CALL SILENCIO
Warning[203]: Found opcode in column 1. (return)
0194   0008           00528 return
                      00529 
0195                  00530 APITA_99
0195   3067           00531         MOVLW 0x67
0196   0088           00532         MOVWF  PORTD
0197   3009           00533         MOVLW D'9'
0198   00A6           00534         MOVWF Y         
MPASM  5.51                      EXEMPLO1.ASM   3-29-2019  21:45:39         PAGE 12


LOC  OBJECT CODE     LINE SOURCE TEXT
  VALUE

0199   3000           00535         movlw b'00000000'
019A   0089           00536         movwf PORTE
019B   2???           00537         call PERDE_TEMPO
019C   2???           00538         call PERDE_TEMPO
019D   2???           00539         CALL PERDE_TEMPO
019E   2???           00540         CALL PERDE_TEMPO
019F   2???           00541         CALL SILENCIO
                      00542 
Warning[203]: Found opcode in column 1. (return)
01A0   0008           00543 return
                      00544         
01A1                  00545 SOMA
                      00546 
01A1   2???           00547         GOTO BOTAO2
01A2   2???           00548         CALL ESCREVEA
                      00549 
Warning[203]: Found opcode in column 1. (return)
01A3   0008           00550 return 
                      00551 
01A4                  00552 SOMA2
                      00553         
01A4   0825           00554         MOVF X, W
01A5   0726           00555         ADDWF Y,W
01A6   00A7           00556         MOVWF I
                      00557         ;CALL VERIFICA
01A7   2???           00558         CALL ESCREVEB
                      00559         
Warning[203]: Found opcode in column 1. (return)
01A8   0008           00560 return
                      00561 
01A9                  00562 ESCREVEA
                      00563         ;dezena
01A9   3020           00564         MOVLW b'00100000'
01AA   0085           00565         MOVWF PORTA
01AB   3077           00566         MOVLW 0x77
01AC   0088           00567         MOVWF PORTD
01AD   2???           00568         CALL PERDE_TEMPO
                      00569 
                      00570         ;unidade
01AE   3010           00571         MOVLW b'00010000'
01AF   0085           00572         MOVWF PORTA
01B0   3077           00573         MOVLW 0x77
01B1   0088           00574         MOVWF PORTD
01B2   2???           00575         CALL PERDE_TEMPO
                      00576 
Warning[203]: Found opcode in column 1. (return)
01B3   0008           00577 return
                      00578 
01B4                  00579 ESCREVEB
                      00580         ;dezena
01B4   3020           00581         MOVLW b'00100000'
01B5   0085           00582         MOVWF PORTA
01B6   307C           00583         MOVLW 0x7C
MPASM  5.51                      EXEMPLO1.ASM   3-29-2019  21:45:39         PAGE 13


LOC  OBJECT CODE     LINE SOURCE TEXT
  VALUE

01B7   0088           00584         MOVWF PORTD
01B8   2???           00585         CALL PERDE_TEMPO
                      00586 
                      00587         ;unidade
01B9   3010           00588         MOVLW b'00010000'
01BA   0085           00589         MOVWF PORTA
01BB   307C           00590         MOVLW 0x7C
01BC   0088           00591         MOVWF PORTD
01BD   2???           00592         CALL PERDE_TEMPO
                      00593 
Warning[203]: Found opcode in column 1. (return)
01BE   0008           00594 return
                      00595 
                      00596 
01BF                  00597 ESCREVE_DISPLAY0
                      00598         ;dezena
01BF   3020           00599         MOVLW b'00100000'
01C0   0085           00600         MOVWF PORTA
01C1   303F           00601         MOVLW 0x3F
01C2   0088           00602         MOVWF PORTD
01C3   2???           00603         CALL PERDE_TEMPO
                      00604 
                      00605         ;unidade
01C4   3010           00606         MOVLW b'00010000'
01C5   0085           00607         MOVWF PORTA
01C6   303F           00608         MOVLW 0x3F
01C7   0088           00609         MOVWF PORTD
01C8   2???           00610         CALL PERDE_TEMPO
                      00611 
Warning[203]: Found opcode in column 1. (GOTO)
01C9   2???           00612 GOTO ESCREVE_DISPLAY0
                      00613 
                      00614 
01CA                  00615 ESCREVE_DISPLAY1
                      00616         ;dezena
01CA   3020           00617         MOVLW b'00100000'
01CB   0085           00618         MOVWF PORTA
01CC   303F           00619         MOVLW 0x3F
01CD   0088           00620         MOVWF PORTD
01CE   2???           00621         CALL PERDE_TEMPO
                      00622 
                      00623         ;unidade
01CF   3010           00624         MOVLW b'00010000'
01D0   0085           00625         MOVWF PORTA
01D1   3006           00626         MOVLW 0x06
01D2   0088           00627         MOVWF PORTD
01D3   2???           00628         CALL PERDE_TEMPO
                      00629 
Warning[203]: Found opcode in column 1. (GOTO)
01D4   2???           00630 GOTO ESCREVE_DISPLAY1
                      00631 
                      00632 
01D5                  00633 ESCREVE_DISPLAY2
MPASM  5.51                      EXEMPLO1.ASM   3-29-2019  21:45:39         PAGE 14


LOC  OBJECT CODE     LINE SOURCE TEXT
  VALUE

                      00634         ;dezena
01D5   3020           00635         MOVLW b'00100000'
01D6   0085           00636         MOVWF PORTA
01D7   303F           00637         MOVLW 0x3F
01D8   0088           00638         MOVWF PORTD
01D9   2???           00639         CALL PERDE_TEMPO
                      00640 
                      00641         ;unidade
01DA   3010           00642         MOVLW b'00010000'
01DB   0085           00643         MOVWF PORTA
01DC   305B           00644         MOVLW 0x5B
01DD   0088           00645         MOVWF PORTD
01DE   2???           00646         CALL PERDE_TEMPO
                      00647 
Warning[203]: Found opcode in column 1. (GOTO)
01DF   2???           00648 GOTO ESCREVE_DISPLAY2
                      00649 
                      00650 
01E0                  00651 ESCREVE_DISPLAY3
                      00652         ;dezena
01E0   3020           00653         MOVLW b'00100000'
01E1   0085           00654         MOVWF PORTA
01E2   303F           00655         MOVLW 0x3F
01E3   0088           00656         MOVWF PORTD
01E4   2???           00657         CALL PERDE_TEMPO
                      00658 
                      00659         ;unidade
01E5   3010           00660         MOVLW b'00010000'
01E6   0085           00661         MOVWF PORTA
01E7   304F           00662         MOVLW 0x4F
01E8   0088           00663         MOVWF PORTD
01E9   2???           00664         CALL PERDE_TEMPO
                      00665 
Warning[203]: Found opcode in column 1. (GOTO)
01EA   2???           00666 GOTO ESCREVE_DISPLAY3
                      00667 
                      00668 
01EB                  00669 ESCREVE_DISPLAY4
                      00670         ;dezena
01EB   3020           00671         MOVLW b'00100000'
01EC   0085           00672         MOVWF PORTA
01ED   303F           00673         MOVLW 0x3F
01EE   0088           00674         MOVWF PORTD
01EF   2???           00675         CALL PERDE_TEMPO
                      00676 
                      00677         ;unidade
01F0   3010           00678         MOVLW b'00010000'
01F1   0085           00679         MOVWF PORTA
01F2   3066           00680         MOVLW 0x66
01F3   0088           00681         MOVWF PORTD
01F4   2???           00682         CALL PERDE_TEMPO
                      00683 
Warning[203]: Found opcode in column 1. (GOTO)
MPASM  5.51                      EXEMPLO1.ASM   3-29-2019  21:45:39         PAGE 15


LOC  OBJECT CODE     LINE SOURCE TEXT
  VALUE

01F5   2???           00684 GOTO ESCREVE_DISPLAY4
                      00685 
                      00686 
01F6                  00687 ESCREVE_DISPLAY5
                      00688         ;dezena
01F6   3020           00689         MOVLW b'00100000'
01F7   0085           00690         MOVWF PORTA
01F8   303F           00691         MOVLW 0x3F
01F9   0088           00692         MOVWF PORTD
01FA   2???           00693         CALL PERDE_TEMPO
                      00694 
                      00695         ;unidade
01FB   3010           00696         MOVLW b'00010000'
01FC   0085           00697         MOVWF PORTA
01FD   306D           00698         MOVLW 0x6D
01FE   0088           00699         MOVWF PORTD
01FF   2???           00700         CALL PERDE_TEMPO
                      00701 
Warning[203]: Found opcode in column 1. (GOTO)
0200   2???           00702 GOTO ESCREVE_DISPLAY5
                      00703 
                      00704 
0201                  00705 ESCREVE_DISPLAY6
                      00706         ;dezena
0201   3020           00707         MOVLW b'00100000'
0202   0085           00708         MOVWF PORTA
0203   303F           00709         MOVLW 0x3F
0204   0088           00710         MOVWF PORTD
0205   2???           00711         CALL PERDE_TEMPO
                      00712 
                      00713         ;unidade
0206   3010           00714         MOVLW b'00010000'
0207   0085           00715         MOVWF PORTA
0208   307D           00716         MOVLW 0x7D
0209   0088           00717         MOVWF PORTD
020A   2???           00718         CALL PERDE_TEMPO
                      00719 
Warning[203]: Found opcode in column 1. (GOTO)
020B   2???           00720 GOTO ESCREVE_DISPLAY6
                      00721 
                      00722 
                      00723 
020C                  00724 ESCREVE_DISPLAY7
                      00725         ;dezena
020C   3020           00726         MOVLW b'00100000'
020D   0085           00727         MOVWF PORTA
020E   303F           00728         MOVLW 0x3F
020F   0088           00729         MOVWF PORTD
0210   2???           00730         CALL PERDE_TEMPO
                      00731 
                      00732         ;unidade
0211   3010           00733         MOVLW b'00010000'
0212   0085           00734         MOVWF PORTA
MPASM  5.51                      EXEMPLO1.ASM   3-29-2019  21:45:39         PAGE 16


LOC  OBJECT CODE     LINE SOURCE TEXT
  VALUE

0213   3007           00735         MOVLW 0x07
0214   0088           00736         MOVWF PORTD
0215   2???           00737         CALL PERDE_TEMPO
                      00738 
Warning[203]: Found opcode in column 1. (GOTO)
0216   2???           00739 GOTO ESCREVE_DISPLAY7
                      00740 
                      00741 
0217                  00742 ESCREVE_DISPLAY8
                      00743         ;dezena
0217   3020           00744         MOVLW b'00100000'
0218   0085           00745         MOVWF PORTA
0219   303F           00746         MOVLW 0x3F
021A   0088           00747         MOVWF PORTD
021B   2???           00748         CALL PERDE_TEMPO
                      00749 
                      00750         ;unidade
021C   3010           00751         MOVLW b'00010000'
021D   0085           00752         MOVWF PORTA
021E   307F           00753         MOVLW 0x7F
021F   0088           00754         MOVWF PORTD
0220   2???           00755         CALL PERDE_TEMPO
                      00756 
Warning[203]: Found opcode in column 1. (GOTO)
0221   2???           00757 GOTO ESCREVE_DISPLAY8
                      00758 
                      00759 
0222                  00760 ESCREVE_DISPLAY9
                      00761         ;dezena
0222   3020           00762         MOVLW b'00100000'
0223   0085           00763         MOVWF PORTA
0224   303F           00764         MOVLW 0x3F
0225   0088           00765         MOVWF PORTD
0226   2???           00766         CALL PERDE_TEMPO
                      00767 
                      00768         ;unidade
0227   3010           00769         MOVLW b'00010000'
0228   0085           00770         MOVWF PORTA
0229   3067           00771         MOVLW 0x67
022A   0088           00772         MOVWF PORTD
022B   2???           00773         CALL PERDE_TEMPO
                      00774 
Warning[203]: Found opcode in column 1. (GOTO)
022C   2???           00775 GOTO ESCREVE_DISPLAY9
                      00776 
                      00777 
022D                  00778 ESCREVE_DISPLAY10
                      00779         ;dezena
022D   3020           00780         MOVLW b'00100000'
022E   0085           00781         MOVWF PORTA
022F   3006           00782         MOVLW 0x06
0230   0088           00783         MOVWF PORTD
0231   2???           00784         CALL PERDE_TEMPO
MPASM  5.51                      EXEMPLO1.ASM   3-29-2019  21:45:39         PAGE 17


LOC  OBJECT CODE     LINE SOURCE TEXT
  VALUE

                      00785 
                      00786         ;unidade
0232   3010           00787         MOVLW b'00010000'
0233   0085           00788         MOVWF PORTA
0234   303F           00789         MOVLW 0x3F
0235   0088           00790         MOVWF PORTD
0236   2???           00791         CALL PERDE_TEMPO
                      00792 
Warning[203]: Found opcode in column 1. (GOTO)
0237   2???           00793 GOTO ESCREVE_DISPLAY10
                      00794 
                      00795 
0238                  00796 ESCREVE_DISPLAY11
                      00797         ;dezena
0238   3020           00798         MOVLW b'00100000'
0239   0085           00799         MOVWF PORTA
023A   3006           00800         MOVLW 0x06
023B   0088           00801         MOVWF PORTD
023C   2???           00802         CALL PERDE_TEMPO
                      00803 
                      00804         ;unidade
023D   3010           00805         MOVLW b'00010000'
023E   0085           00806         MOVWF PORTA
023F   3006           00807         MOVLW 0x06
0240   0088           00808         MOVWF PORTD
0241   2???           00809         CALL PERDE_TEMPO
                      00810 
Warning[203]: Found opcode in column 1. (GOTO)
0242   2???           00811 GOTO ESCREVE_DISPLAY11
                      00812 
                      00813 
0243                  00814 ESCREVE_DISPLAY12
                      00815         ;dezena
0243   3020           00816         MOVLW b'00100000'
0244   0085           00817         MOVWF PORTA
0245   3006           00818         MOVLW 0x06
0246   0088           00819         MOVWF PORTD
0247   2???           00820         CALL PERDE_TEMPO
                      00821 
                      00822         ;unidade
0248   3010           00823         MOVLW b'00010000'
0249   0085           00824         MOVWF PORTA
024A   305B           00825         MOVLW 0x5B
024B   0088           00826         MOVWF PORTD
024C   2???           00827         CALL PERDE_TEMPO
                      00828 
Warning[203]: Found opcode in column 1. (GOTO)
024D   2???           00829 GOTO ESCREVE_DISPLAY12
                      00830 
                      00831 
024E                  00832 ESCREVE_DISPLAY13
                      00833         ;dezena
024E   3020           00834         MOVLW b'00100000'
MPASM  5.51                      EXEMPLO1.ASM   3-29-2019  21:45:39         PAGE 18


LOC  OBJECT CODE     LINE SOURCE TEXT
  VALUE

024F   0085           00835         MOVWF PORTA
0250   3006           00836         MOVLW 0x06
0251   0088           00837         MOVWF PORTD
0252   2???           00838         CALL PERDE_TEMPO
                      00839 
                      00840         ;unidade
0253   3010           00841         MOVLW b'00010000'
0254   0085           00842         MOVWF PORTA
0255   304F           00843         MOVLW 0x4F
0256   0088           00844         MOVWF PORTD
0257   2???           00845         CALL PERDE_TEMPO
                      00846 
Warning[203]: Found opcode in column 1. (GOTO)
0258   2???           00847 GOTO ESCREVE_DISPLAY13
                      00848 
                      00849 
                      00850 
0259                  00851 ESCREVE_DISPLAY14
                      00852         ;dezena
0259   3020           00853         MOVLW b'00100000'
025A   0085           00854         MOVWF PORTA
025B   3006           00855         MOVLW 0x06
025C   0088           00856         MOVWF PORTD
025D   2???           00857         CALL PERDE_TEMPO
                      00858 
                      00859         ;unidade
025E   3010           00860         MOVLW b'00010000'
025F   0085           00861         MOVWF PORTA
0260   3066           00862         MOVLW 0x66
0261   0088           00863         MOVWF PORTD
0262   2???           00864         CALL PERDE_TEMPO
                      00865 
Warning[203]: Found opcode in column 1. (GOTO)
0263   2???           00866 GOTO ESCREVE_DISPLAY14
                      00867 
                      00868 
0264                  00869 ESCREVE_DISPLAY15
                      00870         ;dezena
0264   3020           00871         MOVLW b'00100000'
0265   0085           00872         MOVWF PORTA
0266   3006           00873         MOVLW 0x06
0267   0088           00874         MOVWF PORTD
0268   2???           00875         CALL PERDE_TEMPO
                      00876 
                      00877         ;unidade
0269   3010           00878         MOVLW b'00010000'
026A   0085           00879         MOVWF PORTA
026B   306D           00880         MOVLW 0x6D
026C   0088           00881         MOVWF PORTD
026D   2???           00882         CALL PERDE_TEMPO
                      00883 
Warning[203]: Found opcode in column 1. (GOTO)
026E   2???           00884 GOTO ESCREVE_DISPLAY15
MPASM  5.51                      EXEMPLO1.ASM   3-29-2019  21:45:39         PAGE 19


LOC  OBJECT CODE     LINE SOURCE TEXT
  VALUE

                      00885 
                      00886 
026F                  00887 ESCREVE_DISPLAY16
                      00888         ;dezena
026F   3020           00889         MOVLW b'00100000'
0270   0085           00890         MOVWF PORTA
0271   3006           00891         MOVLW 0x06
0272   0088           00892         MOVWF PORTD
0273   2???           00893         CALL PERDE_TEMPO
                      00894 
                      00895         ;unidade
0274   3010           00896         MOVLW b'00010000'
0275   0085           00897         MOVWF PORTA
0276   307D           00898         MOVLW 0x7D
0277   0088           00899         MOVWF PORTD
0278   2???           00900         CALL PERDE_TEMPO
                      00901 
Warning[203]: Found opcode in column 1. (GOTO)
0279   2???           00902 GOTO ESCREVE_DISPLAY16
                      00903 
                      00904 
027A                  00905 ESCREVE_DISPLAY17
                      00906         ;dezena
027A   3020           00907         MOVLW b'00100000'
027B   0085           00908         MOVWF PORTA
027C   3006           00909         MOVLW 0x06
027D   0088           00910         MOVWF PORTD
027E   2???           00911         CALL PERDE_TEMPO
                      00912 
                      00913         ;unidade
027F   3010           00914         MOVLW b'00010000'
0280   0085           00915         MOVWF PORTA
0281   3007           00916         MOVLW 0x07
0282   0088           00917         MOVWF PORTD
0283   2???           00918         CALL PERDE_TEMPO
                      00919 
Warning[203]: Found opcode in column 1. (GOTO)
0284   2???           00920 GOTO ESCREVE_DISPLAY17
                      00921 
                      00922 
0285                  00923 ESCREVE_DISPLAY18
                      00924         ;dezena
0285   3020           00925         MOVLW b'00100000'
0286   0085           00926         MOVWF PORTA
0287   3006           00927         MOVLW 0x06
0288   0088           00928         MOVWF PORTD
0289   2???           00929         CALL PERDE_TEMPO
                      00930 
                      00931         ;unidade
028A   3010           00932         MOVLW b'00010000'
028B   0085           00933         MOVWF PORTA
028C   307F           00934         MOVLW 0x7F
028D   0088           00935         MOVWF PORTD
MPASM  5.51                      EXEMPLO1.ASM   3-29-2019  21:45:39         PAGE 20


LOC  OBJECT CODE     LINE SOURCE TEXT
  VALUE

028E   2???           00936         CALL PERDE_TEMPO
                      00937 
Warning[203]: Found opcode in column 1. (GOTO)
028F   2???           00938 GOTO ESCREVE_DISPLAY18
                      00939 
                      00940 
                      00941 
                      00942 
                      00943 
                      00944 
                      00945 
                      00946 
                      00947 
0290                  00948 PERDE_TEMPO
0290   3001           00949  MOVLW d'1'
0291   00A1           00950  MOVWF VEZES
0292                  00951 LOOP_VEZES
0292   3001           00952  MOVLW d'1'
0293   00A0           00953  MOVWF DELAY
0294   2???           00954  CALL DELAY_US
0295   0BA1           00955  DECFSZ VEZES,1
0296   2???           00956  GOTO LOOP_VEZES
0297   0008           00957  RETURN
0298                  00958 DELAY_US
0298   0000           00959  NOP
0299   0000           00960  NOP
029A   0BA0           00961  DECFSZ DELAY,1
029B   2???           00962  GOTO DELAY_US
029C   0008           00963  RETURN 
                      00964 
029D                  00965 SILENCIO
029D   3001           00966         movlw b'00000001'
029E   0089           00967         movwf PORTE
                      00968 
Warning[203]: Found opcode in column 1. (return)
029F   0008           00969 return 
                      00970 
                      00971 
                      00972 
3F72                  00973  end
MPASM  5.51                      EXEMPLO1.ASM   3-29-2019  21:45:39         PAGE 21


SYMBOL TABLE
  LABEL                             VALUE 

ACKDT                             00000005
ACKEN                             00000004
ACKSTAT                           00000006
ADCON0                            0000001F
ADCON1                            0000009F
ADCS0                             00000006
ADCS1                             00000007
ADD                               00000022
ADDEN                             00000003
ADFM                              00000007
ADIE                              00000006
ADIF                              00000006
ADON                              00000000
ADRESH                            0000001E
ADRESL                            0000009E
APITA_0                           00000035
APITA_00                          00000129
APITA_1                           00000041
APITA_11                          00000135
APITA_2                           0000004D
APITA_22                          00000141
APITA_3                           00000059
APITA_33                          0000014D
APITA_4                           00000065
APITA_44                          00000159
APITA_5                           00000071
APITA_55                          00000165
APITA_6                           0000007D
APITA_66                          00000171
APITA_7                           00000089
APITA_77                          0000017D
APITA_8                           00000095
APITA_88                          00000189
APITA_9                           000000A1
APITA_99                          00000195
BCLIE                             00000003
BCLIF                             00000003
BF                                00000000
BOTAO2                            0000010D
BRGH                              00000002
BS                                00000024
C                                 00000000
CCP1CON                           00000017
CCP1IE                            00000002
CCP1IF                            00000002
CCP1M0                            00000000
CCP1M1                            00000001
CCP1M2                            00000002
CCP1M3                            00000003
CCP1X                             00000005
CCP1Y                             00000004
CCP2CON                           0000001D
CCP2IE                            00000000
MPASM  5.51                      EXEMPLO1.ASM   3-29-2019  21:45:39         PAGE 22


SYMBOL TABLE
  LABEL                             VALUE 

CCP2IF                            00000000
CCP2M0                            00000000
CCP2M1                            00000001
CCP2M2                            00000002
CCP2M3                            00000003
CCP2X                             00000005
CCP2Y                             00000004
CCPR1                             00000015
CCPR1H                            00000016
CCPR1L                            00000015
CCPR2                             0000001B
CCPR2H                            0000001C
CCPR2L                            0000001B
CHS0                              00000003
CHS1                              00000004
CHS2                              00000005
CKE                               00000006
CKP                               00000004
CREN                              00000004
CSRC                              00000007
D                                 00000005
DATA_ADDRESS                      00000005
DC                                00000001
DELAY                             00000020
DELAY_US                          00000298
D_A                               00000005
D_NOT_A                           00000005
EEADR                             0000010D
EEADRH                            0000010F
EECON1                            0000018C
EECON2                            0000018D
EEDATA                            0000010C
EEDATH                            0000010E
EEIE                              00000004
EEIF                              00000004
EEPGD                             00000007
ESCREVEA                          000001A9
ESCREVEB                          000001B4
ESCREVE_DISPLAY0                  000001BF
ESCREVE_DISPLAY1                  000001CA
ESCREVE_DISPLAY10                 0000022D
ESCREVE_DISPLAY11                 00000238
ESCREVE_DISPLAY12                 00000243
ESCREVE_DISPLAY13                 0000024E
ESCREVE_DISPLAY14                 00000259
ESCREVE_DISPLAY15                 00000264
ESCREVE_DISPLAY16                 0000026F
ESCREVE_DISPLAY17                 0000027A
ESCREVE_DISPLAY18                 00000285
ESCREVE_DISPLAY2                  000001D5
ESCREVE_DISPLAY3                  000001E0
ESCREVE_DISPLAY4                  000001EB
ESCREVE_DISPLAY5                  000001F6
MPASM  5.51                      EXEMPLO1.ASM   3-29-2019  21:45:39         PAGE 23


SYMBOL TABLE
  LABEL                             VALUE 

ESCREVE_DISPLAY6                  00000201
ESCREVE_DISPLAY7                  0000020C
ESCREVE_DISPLAY8                  00000217
ESCREVE_DISPLAY9                  00000222
F                                 00000001
FERR                              00000002
FSR                               00000004
GCEN                              00000007
GIE                               00000007
GO                                00000002
GO_DONE                           00000002
GO_NOT_DONE                       00000002
I                                 00000027
I2C_DATA                          00000005
I2C_READ                          00000002
I2C_START                         00000003
I2C_STOP                          00000004
IBF                               00000007
IBOV                              00000005
INDF                              00000000
INICIO                            00000014
INTCON                            0000000B
INTE                              00000004
INTEDG                            00000006
INTF                              00000001
IRP                               00000007
LOOP_VEZES                        00000292
NOT_A                             00000005
NOT_ADDRESS                       00000005
NOT_BO                            00000000
NOT_BOR                           00000000
NOT_DONE                          00000002
NOT_PD                            00000003
NOT_POR                           00000001
NOT_RBPU                          00000007
NOT_RC8                           00000006
NOT_T1SYNC                        00000002
NOT_TO                            00000004
NOT_TX8                           00000006
NOT_W                             00000002
NOT_WRITE                         00000002
OBF                               00000006
OERR                              00000001
OPTION_REG                        00000081
P                                 00000004
PCFG0                             00000000
PCFG1                             00000001
PCFG2                             00000002
PCFG3                             00000003
PCL                               00000002
PCLATH                            0000000A
PCON                              0000008E
PEIE                              00000006
MPASM  5.51                      EXEMPLO1.ASM   3-29-2019  21:45:39         PAGE 24


SYMBOL TABLE
  LABEL                             VALUE 

PEN                               00000002
PERDE_TEMPO                       00000290
PIE1                              0000008C
PIE2                              0000008D
PIR1                              0000000C
PIR2                              0000000D
PORTA                             00000005
PORTB                             00000006
PORTC                             00000007
PORTD                             00000008
PORTE                             00000009
PR2                               00000092
PS0                               00000000
PS1                               00000001
PS2                               00000002
PSA                               00000003
PSPIE                             00000007
PSPIF                             00000007
PSPMODE                           00000004
R                                 00000002
RA0                               00000000
RA1                               00000001
RA2                               00000002
RA3                               00000003
RA4                               00000004
RA5                               00000005
RB0                               00000000
RB1                               00000001
RB2                               00000002
RB3                               00000003
RB4                               00000004
RB5                               00000005
RB6                               00000006
RB7                               00000007
RBIE                              00000003
RBIF                              00000000
RC0                               00000000
RC1                               00000001
RC2                               00000002
RC3                               00000003
RC4                               00000004
RC5                               00000005
RC6                               00000006
RC7                               00000007
RC8_9                             00000006
RC9                               00000006
RCD8                              00000000
RCEN                              00000003
RCIE                              00000005
RCIF                              00000005
RCREG                             0000001A
RCSTA                             00000018
RD                                00000000
MPASM  5.51                      EXEMPLO1.ASM   3-29-2019  21:45:39         PAGE 25


SYMBOL TABLE
  LABEL                             VALUE 

RD0                               00000000
RD1                               00000001
RD2                               00000002
RD3                               00000003
RD4                               00000004
RD5                               00000005
RD6                               00000006
RD7                               00000007
RE0                               00000000
RE1                               00000001
RE2                               00000002
READ_WRITE                        00000002
RESET                             00000000
RP0                               00000005
RP1                               00000006
RSEN                              00000001
RX9                               00000006
RX9D                              00000000
R_NOT_W                           00000002
R_W                               00000002
S                                 00000003
SEN                               00000000
SILENCIO                          0000029D
SMP                               00000007
SOMA                              000001A1
SOMA2                             000001A4
SPBRG                             00000099
SPEN                              00000007
SREN                              00000005
SSPADD                            00000093
SSPBUF                            00000013
SSPCON                            00000014
SSPCON2                           00000091
SSPEN                             00000005
SSPIE                             00000003
SSPIF                             00000003
SSPM0                             00000000
SSPM1                             00000001
SSPM2                             00000002
SSPM3                             00000003
SSPOV                             00000006
SSPSTAT                           00000094
START                             00000004
STATUS                            00000003
SUB                               00000023
SYNC                              00000004
T0CS                              00000005
T0IE                              00000005
T0IF                              00000002
T0SE                              00000004
T1CKPS0                           00000004
T1CKPS1                           00000005
T1CON                             00000010
MPASM  5.51                      EXEMPLO1.ASM   3-29-2019  21:45:39         PAGE 26


SYMBOL TABLE
  LABEL                             VALUE 

T1INSYNC                          00000002
T1OSCEN                           00000003
T1SYNC                            00000002
T2CKPS0                           00000000
T2CKPS1                           00000001
T2CON                             00000012
TMR0                              00000001
TMR0IE                            00000005
TMR0IF                            00000002
TMR1                              0000000E
TMR1CS                            00000001
TMR1H                             0000000F
TMR1IE                            00000000
TMR1IF                            00000000
TMR1L                             0000000E
TMR1ON                            00000000
TMR2                              00000011
TMR2IE                            00000001
TMR2IF                            00000001
TMR2ON                            00000002
TOUTPS0                           00000003
TOUTPS1                           00000004
TOUTPS2                           00000005
TOUTPS3                           00000006
TRISA                             00000085
TRISA0                            00000000
TRISA1                            00000001
TRISA2                            00000002
TRISA3                            00000003
TRISA4                            00000004
TRISA5                            00000005
TRISB                             00000086
TRISB0                            00000000
TRISB1                            00000001
TRISB2                            00000002
TRISB3                            00000003
TRISB4                            00000004
TRISB5                            00000005
TRISB6                            00000006
TRISB7                            00000007
TRISC                             00000087
TRISC0                            00000000
TRISC1                            00000001
TRISC2                            00000002
TRISC3                            00000003
TRISC4                            00000004
TRISC5                            00000005
TRISC6                            00000006
TRISC7                            00000007
TRISD                             00000088
TRISD0                            00000000
TRISD1                            00000001
TRISD2                            00000002
MPASM  5.51                      EXEMPLO1.ASM   3-29-2019  21:45:39         PAGE 27


SYMBOL TABLE
  LABEL                             VALUE 

TRISD3                            00000003
TRISD4                            00000004
TRISD5                            00000005
TRISD6                            00000006
TRISD7                            00000007
TRISE                             00000089
TRISE0                            00000000
TRISE1                            00000001
TRISE2                            00000002
TRMT                              00000001
TX8_9                             00000006
TX9                               00000006
TX9D                              00000000
TXD8                              00000000
TXEN                              00000005
TXIE                              00000004
TXIF                              00000004
TXREG                             00000019
TXSTA                             00000098
UA                                00000001
VERIFICA                          000000AD
VEZES                             00000021
W                                 00000000
WCOL                              00000007
WR                                00000001
WREN                              00000002
WRERR                             00000003
X                                 00000025
Y                                 00000026
Z                                 00000002
_BODEN_OFF                        00003FBF
_BODEN_ON                         00003FFF
_BOREN_OFF                        00003FBF
_BOREN_ON                         00003FFF
_CONFIG                           00002007
_CPD_OFF                          00003FFF
_CPD_ON                           00003EFF
_CP_ALL                           00000FCF
_CP_HALF                          00001FDF
_CP_OFF                           00003FFF
_CP_UPPER_256                     00002FEF
_DEBUG_OFF                        00003FFF
_DEBUG_ON                         000037FF
_DEVID1                           00002006
_FOSC_EXTRC                       00003FFF
_FOSC_HS                          00003FFE
_FOSC_LP                          00003FFC
_FOSC_XT                          00003FFD
_HS_OSC                           00003FFE
_IDLOC0                           00002000
_IDLOC1                           00002001
_IDLOC2                           00002002
_IDLOC3                           00002003
MPASM  5.51                      EXEMPLO1.ASM   3-29-2019  21:45:39         PAGE 28


SYMBOL TABLE
  LABEL                             VALUE 

_LP_OSC                           00003FFC
_LVP_OFF                          00003F7F
_LVP_ON                           00003FFF
_PWRTE_OFF                        00003FFF
_PWRTE_ON                         00003FF7
_RC_OSC                           00003FFF
_WDTE_OFF                         00003FFB
_WDTE_ON                          00003FFF
_WDT_OFF                          00003FFB
_WDT_ON                           00003FFF
_WRT_ENABLE_OFF                   00003DFF
_WRT_ENABLE_ON                    00003FFF
_WRT_OFF                          00003DFF
_WRT_ON                           00003FFF
_XT_OSC                           00003FFD
__16F877A                         00000001
__DEBUG                           1

Errors   :     0
Warnings :    58 reported,     0 suppressed
Messages :     7 reported,     0 suppressed

