Message[301] C:\PROGRAM FILES (X86)\MICROCHIP\MPASM SUITE\P16F877.INC 33 : MESSAGE: (Processor-header file mismatch.  Verify selected processor.)
Warning[207] C:\USERS\HARDY\DESKTOP\FACULDADE\5 SEMESTRE\MICROPROCESSADOER\CALCULADORA\MATERIAL_PIC\EXEMPLO1.ASM 24 : Found label after column 1. (DELAY)
Warning[207] C:\USERS\HARDY\DESKTOP\FACULDADE\5 SEMESTRE\MICROPROCESSADOER\CALCULADORA\MATERIAL_PIC\EXEMPLO1.ASM 25 : Found label after column 1. (VEZES)
Warning[207] C:\USERS\HARDY\DESKTOP\FACULDADE\5 SEMESTRE\MICROPROCESSADOER\CALCULADORA\MATERIAL_PIC\EXEMPLO1.ASM 26 : Found label after column 1. (ADD)
Warning[207] C:\USERS\HARDY\DESKTOP\FACULDADE\5 SEMESTRE\MICROPROCESSADOER\CALCULADORA\MATERIAL_PIC\EXEMPLO1.ASM 27 : Found label after column 1. (SUB)
Warning[207] C:\USERS\HARDY\DESKTOP\FACULDADE\5 SEMESTRE\MICROPROCESSADOER\CALCULADORA\MATERIAL_PIC\EXEMPLO1.ASM 28 : Found label after column 1. (BS)
Warning[207] C:\USERS\HARDY\DESKTOP\FACULDADE\5 SEMESTRE\MICROPROCESSADOER\CALCULADORA\MATERIAL_PIC\EXEMPLO1.ASM 29 : Found label after column 1. (X)
Warning[207] C:\USERS\HARDY\DESKTOP\FACULDADE\5 SEMESTRE\MICROPROCESSADOER\CALCULADORA\MATERIAL_PIC\EXEMPLO1.ASM 30 : Found label after column 1. (Y)
Warning[207] C:\USERS\HARDY\DESKTOP\FACULDADE\5 SEMESTRE\MICROPROCESSADOER\CALCULADORA\MATERIAL_PIC\EXEMPLO1.ASM 31 : Found label after column 1. (I)
Message[302] C:\USERS\HARDY\DESKTOP\FACULDADE\5 SEMESTRE\MICROPROCESSADOER\CALCULADORA\MATERIAL_PIC\EXEMPLO1.ASM 34 : Register in operand not in bank 0.  Ensure that bank bits are correct.
Message[302] C:\USERS\HARDY\DESKTOP\FACULDADE\5 SEMESTRE\MICROPROCESSADOER\CALCULADORA\MATERIAL_PIC\EXEMPLO1.ASM 36 : Register in operand not in bank 0.  Ensure that bank bits are correct.
Message[302] C:\USERS\HARDY\DESKTOP\FACULDADE\5 SEMESTRE\MICROPROCESSADOER\CALCULADORA\MATERIAL_PIC\EXEMPLO1.ASM 38 : Register in operand not in bank 0.  Ensure that bank bits are correct.
Message[302] C:\USERS\HARDY\DESKTOP\FACULDADE\5 SEMESTRE\MICROPROCESSADOER\CALCULADORA\MATERIAL_PIC\EXEMPLO1.ASM 40 : Register in operand not in bank 0.  Ensure that bank bits are correct.
Warning[203] C:\USERS\HARDY\DESKTOP\FACULDADE\5 SEMESTRE\MICROPROCESSADOER\CALCULADORA\MATERIAL_PIC\EXEMPLO1.ASM 44 : Found opcode in column 1. (MOVLW)
Warning[203] C:\USERS\HARDY\DESKTOP\FACULDADE\5 SEMESTRE\MICROPROCESSADOER\CALCULADORA\MATERIAL_PIC\EXEMPLO1.ASM 45 : Found opcode in column 1. (MOVWF)
Warning[203] C:\USERS\HARDY\DESKTOP\FACULDADE\5 SEMESTRE\MICROPROCESSADOER\CALCULADORA\MATERIAL_PIC\EXEMPLO1.ASM 47 : Found opcode in column 1. (MOVLW)
Warning[203] C:\USERS\HARDY\DESKTOP\FACULDADE\5 SEMESTRE\MICROPROCESSADOER\CALCULADORA\MATERIAL_PIC\EXEMPLO1.ASM 48 : Found opcode in column 1. (MOVWF)
Warning[203] C:\USERS\HARDY\DESKTOP\FACULDADE\5 SEMESTRE\MICROPROCESSADOER\CALCULADORA\MATERIAL_PIC\EXEMPLO1.ASM 106 : Found opcode in column 1. (return)
Warning[203] C:\USERS\HARDY\DESKTOP\FACULDADE\5 SEMESTRE\MICROPROCESSADOER\CALCULADORA\MATERIAL_PIC\EXEMPLO1.ASM 121 : Found opcode in column 1. (return)
Warning[203] C:\USERS\HARDY\DESKTOP\FACULDADE\5 SEMESTRE\MICROPROCESSADOER\CALCULADORA\MATERIAL_PIC\EXEMPLO1.ASM 136 : Found opcode in column 1. (return)
Warning[203] C:\USERS\HARDY\DESKTOP\FACULDADE\5 SEMESTRE\MICROPROCESSADOER\CALCULADORA\MATERIAL_PIC\EXEMPLO1.ASM 151 : Found opcode in column 1. (return)
Message[305] C:\USERS\HARDY\DESKTOP\FACULDADE\5 SEMESTRE\MICROPROCESSADOER\CALCULADORA\MATERIAL_PIC\EXEMPLO1.ASM 156 : Using default destination of 1 (file).
Warning[203] C:\USERS\HARDY\DESKTOP\FACULDADE\5 SEMESTRE\MICROPROCESSADOER\CALCULADORA\MATERIAL_PIC\EXEMPLO1.ASM 166 : Found opcode in column 1. (return)
Message[305] C:\USERS\HARDY\DESKTOP\FACULDADE\5 SEMESTRE\MICROPROCESSADOER\CALCULADORA\MATERIAL_PIC\EXEMPLO1.ASM 171 : Using default destination of 1 (file).
Warning[203] C:\USERS\HARDY\DESKTOP\FACULDADE\5 SEMESTRE\MICROPROCESSADOER\CALCULADORA\MATERIAL_PIC\EXEMPLO1.ASM 181 : Found opcode in column 1. (return)
Warning[203] C:\USERS\HARDY\DESKTOP\FACULDADE\5 SEMESTRE\MICROPROCESSADOER\CALCULADORA\MATERIAL_PIC\EXEMPLO1.ASM 196 : Found opcode in column 1. (return)
Warning[203] C:\USERS\HARDY\DESKTOP\FACULDADE\5 SEMESTRE\MICROPROCESSADOER\CALCULADORA\MATERIAL_PIC\EXEMPLO1.ASM 210 : Found opcode in column 1. (return)
Warning[203] C:\USERS\HARDY\DESKTOP\FACULDADE\5 SEMESTRE\MICROPROCESSADOER\CALCULADORA\MATERIAL_PIC\EXEMPLO1.ASM 224 : Found opcode in column 1. (return)
Warning[203] C:\USERS\HARDY\DESKTOP\FACULDADE\5 SEMESTRE\MICROPROCESSADOER\CALCULADORA\MATERIAL_PIC\EXEMPLO1.ASM 238 : Found opcode in column 1. (return)
Warning[203] C:\USERS\HARDY\DESKTOP\FACULDADE\5 SEMESTRE\MICROPROCESSADOER\CALCULADORA\MATERIAL_PIC\EXEMPLO1.ASM 359 : Found opcode in column 1. (return)
Warning[203] C:\USERS\HARDY\DESKTOP\FACULDADE\5 SEMESTRE\MICROPROCESSADOER\CALCULADORA\MATERIAL_PIC\EXEMPLO1.ASM 395 : Found opcode in column 1. (return)
Warning[203] C:\USERS\HARDY\DESKTOP\FACULDADE\5 SEMESTRE\MICROPROCESSADOER\CALCULADORA\MATERIAL_PIC\EXEMPLO1.ASM 410 : Found opcode in column 1. (return)
Warning[203] C:\USERS\HARDY\DESKTOP\FACULDADE\5 SEMESTRE\MICROPROCESSADOER\CALCULADORA\MATERIAL_PIC\EXEMPLO1.ASM 425 : Found opcode in column 1. (return)
Warning[203] C:\USERS\HARDY\DESKTOP\FACULDADE\5 SEMESTRE\MICROPROCESSADOER\CALCULADORA\MATERIAL_PIC\EXEMPLO1.ASM 440 : Found opcode in column 1. (return)
Warning[203] C:\USERS\HARDY\DESKTOP\FACULDADE\5 SEMESTRE\MICROPROCESSADOER\CALCULADORA\MATERIAL_PIC\EXEMPLO1.ASM 455 : Found opcode in column 1. (return)
Warning[203] C:\USERS\HARDY\DESKTOP\FACULDADE\5 SEMESTRE\MICROPROCESSADOER\CALCULADORA\MATERIAL_PIC\EXEMPLO1.ASM 470 : Found opcode in column 1. (return)
Warning[203] C:\USERS\HARDY\DESKTOP\FACULDADE\5 SEMESTRE\MICROPROCESSADOER\CALCULADORA\MATERIAL_PIC\EXEMPLO1.ASM 485 : Found opcode in column 1. (return)
Warning[203] C:\USERS\HARDY\DESKTOP\FACULDADE\5 SEMESTRE\MICROPROCESSADOER\CALCULADORA\MATERIAL_PIC\EXEMPLO1.ASM 500 : Found opcode in column 1. (return)
Warning[203] C:\USERS\HARDY\DESKTOP\FACULDADE\5 SEMESTRE\MICROPROCESSADOER\CALCULADORA\MATERIAL_PIC\EXEMPLO1.ASM 514 : Found opcode in column 1. (return)
Warning[203] C:\USERS\HARDY\DESKTOP\FACULDADE\5 SEMESTRE\MICROPROCESSADOER\CALCULADORA\MATERIAL_PIC\EXEMPLO1.ASM 528 : Found opcode in column 1. (return)
Warning[203] C:\USERS\HARDY\DESKTOP\FACULDADE\5 SEMESTRE\MICROPROCESSADOER\CALCULADORA\MATERIAL_PIC\EXEMPLO1.ASM 543 : Found opcode in column 1. (return)
Warning[203] C:\USERS\HARDY\DESKTOP\FACULDADE\5 SEMESTRE\MICROPROCESSADOER\CALCULADORA\MATERIAL_PIC\EXEMPLO1.ASM 550 : Found opcode in column 1. (return)
Warning[203] C:\USERS\HARDY\DESKTOP\FACULDADE\5 SEMESTRE\MICROPROCESSADOER\CALCULADORA\MATERIAL_PIC\EXEMPLO1.ASM 560 : Found opcode in column 1. (return)
Warning[203] C:\USERS\HARDY\DESKTOP\FACULDADE\5 SEMESTRE\MICROPROCESSADOER\CALCULADORA\MATERIAL_PIC\EXEMPLO1.ASM 577 : Found opcode in column 1. (return)
Warning[203] C:\USERS\HARDY\DESKTOP\FACULDADE\5 SEMESTRE\MICROPROCESSADOER\CALCULADORA\MATERIAL_PIC\EXEMPLO1.ASM 594 : Found opcode in column 1. (return)
Warning[203] C:\USERS\HARDY\DESKTOP\FACULDADE\5 SEMESTRE\MICROPROCESSADOER\CALCULADORA\MATERIAL_PIC\EXEMPLO1.ASM 612 : Found opcode in column 1. (GOTO)
Warning[203] C:\USERS\HARDY\DESKTOP\FACULDADE\5 SEMESTRE\MICROPROCESSADOER\CALCULADORA\MATERIAL_PIC\EXEMPLO1.ASM 630 : Found opcode in column 1. (GOTO)
Warning[203] C:\USERS\HARDY\DESKTOP\FACULDADE\5 SEMESTRE\MICROPROCESSADOER\CALCULADORA\MATERIAL_PIC\EXEMPLO1.ASM 648 : Found opcode in column 1. (GOTO)
Warning[203] C:\USERS\HARDY\DESKTOP\FACULDADE\5 SEMESTRE\MICROPROCESSADOER\CALCULADORA\MATERIAL_PIC\EXEMPLO1.ASM 666 : Found opcode in column 1. (GOTO)
Warning[203] C:\USERS\HARDY\DESKTOP\FACULDADE\5 SEMESTRE\MICROPROCESSADOER\CALCULADORA\MATERIAL_PIC\EXEMPLO1.ASM 684 : Found opcode in column 1. (GOTO)
Warning[203] C:\USERS\HARDY\DESKTOP\FACULDADE\5 SEMESTRE\MICROPROCESSADOER\CALCULADORA\MATERIAL_PIC\EXEMPLO1.ASM 702 : Found opcode in column 1. (GOTO)
Warning[203] C:\USERS\HARDY\DESKTOP\FACULDADE\5 SEMESTRE\MICROPROCESSADOER\CALCULADORA\MATERIAL_PIC\EXEMPLO1.ASM 720 : Found opcode in column 1. (GOTO)
Warning[203] C:\USERS\HARDY\DESKTOP\FACULDADE\5 SEMESTRE\MICROPROCESSADOER\CALCULADORA\MATERIAL_PIC\EXEMPLO1.ASM 739 : Found opcode in column 1. (GOTO)
Warning[203] C:\USERS\HARDY\DESKTOP\FACULDADE\5 SEMESTRE\MICROPROCESSADOER\CALCULADORA\MATERIAL_PIC\EXEMPLO1.ASM 757 : Found opcode in column 1. (GOTO)
Warning[203] C:\USERS\HARDY\DESKTOP\FACULDADE\5 SEMESTRE\MICROPROCESSADOER\CALCULADORA\MATERIAL_PIC\EXEMPLO1.ASM 775 : Found opcode in column 1. (GOTO)
Warning[203] C:\USERS\HARDY\DESKTOP\FACULDADE\5 SEMESTRE\MICROPROCESSADOER\CALCULADORA\MATERIAL_PIC\EXEMPLO1.ASM 793 : Found opcode in column 1. (GOTO)
Warning[203] C:\USERS\HARDY\DESKTOP\FACULDADE\5 SEMESTRE\MICROPROCESSADOER\CALCULADORA\MATERIAL_PIC\EXEMPLO1.ASM 811 : Found opcode in column 1. (GOTO)
Warning[203] C:\USERS\HARDY\DESKTOP\FACULDADE\5 SEMESTRE\MICROPROCESSADOER\CALCULADORA\MATERIAL_PIC\EXEMPLO1.ASM 829 : Found opcode in column 1. (GOTO)
Warning[203] C:\USERS\HARDY\DESKTOP\FACULDADE\5 SEMESTRE\MICROPROCESSADOER\CALCULADORA\MATERIAL_PIC\EXEMPLO1.ASM 847 : Found opcode in column 1. (GOTO)
Warning[203] C:\USERS\HARDY\DESKTOP\FACULDADE\5 SEMESTRE\MICROPROCESSADOER\CALCULADORA\MATERIAL_PIC\EXEMPLO1.ASM 866 : Found opcode in column 1. (GOTO)
Warning[203] C:\USERS\HARDY\DESKTOP\FACULDADE\5 SEMESTRE\MICROPROCESSADOER\CALCULADORA\MATERIAL_PIC\EXEMPLO1.ASM 884 : Found opcode in column 1. (GOTO)
Warning[203] C:\USERS\HARDY\DESKTOP\FACULDADE\5 SEMESTRE\MICROPROCESSADOER\CALCULADORA\MATERIAL_PIC\EXEMPLO1.ASM 902 : Found opcode in column 1. (GOTO)
Warning[203] C:\USERS\HARDY\DESKTOP\FACULDADE\5 SEMESTRE\MICROPROCESSADOER\CALCULADORA\MATERIAL_PIC\EXEMPLO1.ASM 920 : Found opcode in column 1. (GOTO)
Warning[203] C:\USERS\HARDY\DESKTOP\FACULDADE\5 SEMESTRE\MICROPROCESSADOER\CALCULADORA\MATERIAL_PIC\EXEMPLO1.ASM 938 : Found opcode in column 1. (GOTO)
Warning[203] C:\USERS\HARDY\DESKTOP\FACULDADE\5 SEMESTRE\MICROPROCESSADOER\CALCULADORA\MATERIAL_PIC\EXEMPLO1.ASM 969 : Found opcode in column 1. (return)
